--------------------------------------------------------------------------------
Release 14.7 Trace  (nt)
Copyright (c) 1995-2013 Xilinx, Inc.  All rights reserved.

C:\Xilinx\14.7\ISE_DS\ISE\bin\nt\unwrapped\trce.exe -intstyle ise -o
mojo_top_0.twr -v 30 -l 30 mojo_top_0_routed.ncd mojo_top_0.pcf

Design file:              mojo_top_0_routed.ncd
Physical constraint file: mojo_top_0.pcf
Device,package,speed:     xc6slx9,tqg144,C,-2 (PRODUCTION 1.23 2013-10-13)
Report level:             verbose report, limited to 30 items per constraint

Environment Variable      Effect 
--------------------      ------ 
NONE                      No environment variables were set
--------------------------------------------------------------------------------

INFO:Timing:3412 - To improve timing, see the Timing Closure User Guide (UG612).
INFO:Timing:2752 - To get complete path coverage, use the unconstrained paths 
   option. All paths that are not constrained will be reported in the 
   unconstrained paths section(s) of the report.
INFO:Timing:3339 - The clock-to-out numbers in this timing report are based on 
   a 50 Ohm transmission line loading model.  For the details of this model, 
   and for more information on accounting for different loading conditions, 
   please see the device datasheet.

================================================================================
Timing constraint: TS_clk = PERIOD TIMEGRP "clk" 50 MHz HIGH 50%;
For more information, see Period Analysis in the Timing Closure User Guide (UG612).

 1538 paths analyzed, 606 endpoints analyzed, 0 failing endpoints
 0 timing errors detected. (0 setup errors, 0 hold errors, 0 component switching limit errors)
 Minimum period is   4.881ns.
--------------------------------------------------------------------------------
Slack:                  15.119ns (requirement - (data path - clock path skew + uncertainty))
  Source:               game/M_blink_q_0 (FF)
  Destination:          game/renderer/M_line_q_10_1 (FF)
  Requirement:          20.000ns
  Data Path Delay:      4.832ns (Levels of Logic = 4)
  Clock Path Skew:      -0.014ns (0.331 - 0.345)
  Source Clock:         clk_BUFGP rising at 0.000ns
  Destination Clock:    clk_BUFGP rising at 20.000ns
  Clock Uncertainty:    0.035ns

  Clock Uncertainty:          0.035ns  ((TSJ^2 + TIJ^2)^1/2 + DJ) / 2 + PE
    Total System Jitter (TSJ):  0.070ns
    Total Input Jitter (TIJ):   0.000ns
    Discrete Jitter (DJ):       0.000ns
    Phase Error (PE):           0.000ns

  Maximum Data Path at Slow Process Corner: game/M_blink_q_0 to game/renderer/M_line_q_10_1
    Location             Delay type         Delay(ns)  Physical Resource
                                                       Logical Resource(s)
    -------------------------------------------------  -------------------
    SLICE_X2Y7.AQ        Tcko                  0.476   game/M_blink_q[3]
                                                       game/M_blink_q_0
    SLICE_X4Y11.A1       net (fanout=4)        1.410   game/M_blink_q[0]
    SLICE_X4Y11.A        Tilo                  0.254   game/renderer/M_line_q_1_dpot
                                                       game/renderer/_n01441_SW0
    SLICE_X7Y11.A3       net (fanout=12)       0.598   game/renderer/N8
    SLICE_X7Y11.A        Tilo                  0.259   game/renderer/M_line_q[9]
                                                       game/renderer/_n0144
    SLICE_X6Y13.A4       net (fanout=11)       0.678   game/renderer/_n0144
    SLICE_X6Y13.A        Tilo                  0.235   game/renderer/M_line_q[10]
                                                       game/renderer/M_line_q_10_rstpot
    SLICE_X6Y13.A2       net (fanout=1)        0.701   game/renderer/M_line_q_10_rstpot
    SLICE_X6Y13.CLK      Tas                   0.221   game/renderer/M_line_q[10]
                                                       game/renderer/M_line_q_10_rstpot_rt
                                                       game/renderer/M_line_q_10_1
    -------------------------------------------------  ---------------------------
    Total                                      4.832ns (1.445ns logic, 3.387ns route)
                                                       (29.9% logic, 70.1% route)

--------------------------------------------------------------------------------
Slack:                  15.222ns (requirement - (data path - clock path skew + uncertainty))
  Source:               game/M_blink_q_0 (FF)
  Destination:          game/renderer/M_line_q_10_1 (FF)
  Requirement:          20.000ns
  Data Path Delay:      4.729ns (Levels of Logic = 4)
  Clock Path Skew:      -0.014ns (0.331 - 0.345)
  Source Clock:         clk_BUFGP rising at 0.000ns
  Destination Clock:    clk_BUFGP rising at 20.000ns
  Clock Uncertainty:    0.035ns

  Clock Uncertainty:          0.035ns  ((TSJ^2 + TIJ^2)^1/2 + DJ) / 2 + PE
    Total System Jitter (TSJ):  0.070ns
    Total Input Jitter (TIJ):   0.000ns
    Discrete Jitter (DJ):       0.000ns
    Phase Error (PE):           0.000ns

  Maximum Data Path at Slow Process Corner: game/M_blink_q_0 to game/renderer/M_line_q_10_1
    Location             Delay type         Delay(ns)  Physical Resource
                                                       Logical Resource(s)
    -------------------------------------------------  -------------------
    SLICE_X2Y7.AQ        Tcko                  0.476   game/M_blink_q[3]
                                                       game/M_blink_q_0
    SLICE_X4Y11.A1       net (fanout=4)        1.410   game/M_blink_q[0]
    SLICE_X4Y11.A        Tilo                  0.254   game/renderer/M_line_q_1_dpot
                                                       game/renderer/_n01441_SW0
    SLICE_X6Y13.B1       net (fanout=12)       1.001   game/renderer/N8
    SLICE_X6Y13.B        Tilo                  0.235   game/renderer/M_line_q[10]
                                                       game/renderer/M_line_q_10_dpot
    SLICE_X6Y13.A5       net (fanout=1)        0.196   game/renderer/M_line_q_10_dpot
    SLICE_X6Y13.A        Tilo                  0.235   game/renderer/M_line_q[10]
                                                       game/renderer/M_line_q_10_rstpot
    SLICE_X6Y13.A2       net (fanout=1)        0.701   game/renderer/M_line_q_10_rstpot
    SLICE_X6Y13.CLK      Tas                   0.221   game/renderer/M_line_q[10]
                                                       game/renderer/M_line_q_10_rstpot_rt
                                                       game/renderer/M_line_q_10_1
    -------------------------------------------------  ---------------------------
    Total                                      4.729ns (1.421ns logic, 3.308ns route)
                                                       (30.0% logic, 70.0% route)

--------------------------------------------------------------------------------
Slack:                  15.414ns (requirement - (data path - clock path skew + uncertainty))
  Source:               game/renderer/M_line_q_4 (FF)
  Destination:          game/renderer/M_line_q_10_1 (FF)
  Requirement:          20.000ns
  Data Path Delay:      4.550ns (Levels of Logic = 4)
  Clock Path Skew:      -0.001ns (0.331 - 0.332)
  Source Clock:         clk_BUFGP rising at 0.000ns
  Destination Clock:    clk_BUFGP rising at 20.000ns
  Clock Uncertainty:    0.035ns

  Clock Uncertainty:          0.035ns  ((TSJ^2 + TIJ^2)^1/2 + DJ) / 2 + PE
    Total System Jitter (TSJ):  0.070ns
    Total Input Jitter (TIJ):   0.000ns
    Discrete Jitter (DJ):       0.000ns
    Phase Error (PE):           0.000ns

  Maximum Data Path at Slow Process Corner: game/renderer/M_line_q_4 to game/renderer/M_line_q_10_1
    Location             Delay type         Delay(ns)  Physical Resource
                                                       Logical Resource(s)
    -------------------------------------------------  -------------------
    SLICE_X9Y9.AQ        Tcko                  0.430   game/renderer/M_line_q[6]
                                                       game/renderer/M_line_q_4
    SLICE_X7Y12.D4       net (fanout=12)       1.030   game/renderer/M_line_q[4]
    SLICE_X7Y12.D        Tilo                  0.259   game/renderer/N16
                                                       game/renderer/_n01441_SW1
    SLICE_X7Y11.A6       net (fanout=1)        0.737   game/renderer/N16
    SLICE_X7Y11.A        Tilo                  0.259   game/renderer/M_line_q[9]
                                                       game/renderer/_n0144
    SLICE_X6Y13.A4       net (fanout=11)       0.678   game/renderer/_n0144
    SLICE_X6Y13.A        Tilo                  0.235   game/renderer/M_line_q[10]
                                                       game/renderer/M_line_q_10_rstpot
    SLICE_X6Y13.A2       net (fanout=1)        0.701   game/renderer/M_line_q_10_rstpot
    SLICE_X6Y13.CLK      Tas                   0.221   game/renderer/M_line_q[10]
                                                       game/renderer/M_line_q_10_rstpot_rt
                                                       game/renderer/M_line_q_10_1
    -------------------------------------------------  ---------------------------
    Total                                      4.550ns (1.404ns logic, 3.146ns route)
                                                       (30.9% logic, 69.1% route)

--------------------------------------------------------------------------------
Slack:                  15.428ns (requirement - (data path - clock path skew + uncertainty))
  Source:               game/M_blink_q_0 (FF)
  Destination:          game/renderer/M_pixel_q_10_1 (FF)
  Requirement:          20.000ns
  Data Path Delay:      4.525ns (Levels of Logic = 3)
  Clock Path Skew:      -0.012ns (0.333 - 0.345)
  Source Clock:         clk_BUFGP rising at 0.000ns
  Destination Clock:    clk_BUFGP rising at 20.000ns
  Clock Uncertainty:    0.035ns

  Clock Uncertainty:          0.035ns  ((TSJ^2 + TIJ^2)^1/2 + DJ) / 2 + PE
    Total System Jitter (TSJ):  0.070ns
    Total Input Jitter (TIJ):   0.000ns
    Discrete Jitter (DJ):       0.000ns
    Phase Error (PE):           0.000ns

  Maximum Data Path at Slow Process Corner: game/M_blink_q_0 to game/renderer/M_pixel_q_10_1
    Location             Delay type         Delay(ns)  Physical Resource
                                                       Logical Resource(s)
    -------------------------------------------------  -------------------
    SLICE_X2Y7.AQ        Tcko                  0.476   game/M_blink_q[3]
                                                       game/M_blink_q_0
    SLICE_X4Y11.A1       net (fanout=4)        1.410   game/M_blink_q[0]
    SLICE_X4Y11.A        Tilo                  0.254   game/renderer/M_line_q_1_dpot
                                                       game/renderer/_n01441_SW0
    SLICE_X5Y10.A4       net (fanout=12)       0.524   game/renderer/N8
    SLICE_X5Y10.A        Tilo                  0.259   game/renderer/M_pixel_q[10]
                                                       game/renderer/_n01441
    SLICE_X6Y15.B2       net (fanout=11)       1.253   game/renderer/_n01441
    SLICE_X6Y15.CLK      Tas                   0.349   game/renderer/M_pixel_q_10_1
                                                       game/renderer/M_pixel_q_10_1_rstpot
                                                       game/renderer/M_pixel_q_10_1
    -------------------------------------------------  ---------------------------
    Total                                      4.525ns (1.338ns logic, 3.187ns route)
                                                       (29.6% logic, 70.4% route)

--------------------------------------------------------------------------------
Slack:                  15.481ns (requirement - (data path - clock path skew + uncertainty))
  Source:               game/renderer/M_line_q_0 (FF)
  Destination:          game/renderer/M_line_q_4 (FF)
  Requirement:          20.000ns
  Data Path Delay:      4.471ns (Levels of Logic = 4)
  Clock Path Skew:      -0.013ns (0.186 - 0.199)
  Source Clock:         clk_BUFGP rising at 0.000ns
  Destination Clock:    clk_BUFGP rising at 20.000ns
  Clock Uncertainty:    0.035ns

  Clock Uncertainty:          0.035ns  ((TSJ^2 + TIJ^2)^1/2 + DJ) / 2 + PE
    Total System Jitter (TSJ):  0.070ns
    Total Input Jitter (TIJ):   0.000ns
    Discrete Jitter (DJ):       0.000ns
    Phase Error (PE):           0.000ns

  Maximum Data Path at Slow Process Corner: game/renderer/M_line_q_0 to game/renderer/M_line_q_4
    Location             Delay type         Delay(ns)  Physical Resource
                                                       Logical Resource(s)
    -------------------------------------------------  -------------------
    SLICE_X8Y10.AQ       Tcko                  0.525   game/renderer/M_line_q[3]
                                                       game/renderer/M_line_q_0
    SLICE_X6Y10.A2       net (fanout=3)        0.802   game/renderer/M_line_q[0]
    SLICE_X6Y10.COUT     Topcya                0.472   game/renderer/Mcount_M_line_q_cy[3]
                                                       game/renderer/Mcount_M_line_q_lut<0>_INV_0
                                                       game/renderer/Mcount_M_line_q_cy<3>
    SLICE_X6Y11.CIN      net (fanout=1)        0.003   game/renderer/Mcount_M_line_q_cy[3]
    SLICE_X6Y11.AMUX     Tcina                 0.210   game/renderer/Mcount_M_line_q_cy[7]
                                                       game/renderer/Mcount_M_line_q_cy<7>
    SLICE_X9Y10.B2       net (fanout=1)        1.284   game/renderer/Result<4>1
    SLICE_X9Y10.B        Tilo                  0.259   game/renderer/M_line_q_4_dpot
                                                       game/renderer/M_line_q_4_dpot
    SLICE_X9Y9.A3        net (fanout=1)        0.543   game/renderer/M_line_q_4_dpot
    SLICE_X9Y9.CLK       Tas                   0.373   game/renderer/M_line_q[6]
                                                       game/renderer/M_line_q_4_rstpot
                                                       game/renderer/M_line_q_4
    -------------------------------------------------  ---------------------------
    Total                                      4.471ns (1.839ns logic, 2.632ns route)
                                                       (41.1% logic, 58.9% route)

--------------------------------------------------------------------------------
Slack:                  15.481ns (requirement - (data path - clock path skew + uncertainty))
  Source:               game/renderer/M_line_q_0 (FF)
  Destination:          game/renderer/M_line_q_5 (FF)
  Requirement:          20.000ns
  Data Path Delay:      4.471ns (Levels of Logic = 4)
  Clock Path Skew:      -0.013ns (0.186 - 0.199)
  Source Clock:         clk_BUFGP rising at 0.000ns
  Destination Clock:    clk_BUFGP rising at 20.000ns
  Clock Uncertainty:    0.035ns

  Clock Uncertainty:          0.035ns  ((TSJ^2 + TIJ^2)^1/2 + DJ) / 2 + PE
    Total System Jitter (TSJ):  0.070ns
    Total Input Jitter (TIJ):   0.000ns
    Discrete Jitter (DJ):       0.000ns
    Phase Error (PE):           0.000ns

  Maximum Data Path at Slow Process Corner: game/renderer/M_line_q_0 to game/renderer/M_line_q_5
    Location             Delay type         Delay(ns)  Physical Resource
                                                       Logical Resource(s)
    -------------------------------------------------  -------------------
    SLICE_X8Y10.AQ       Tcko                  0.525   game/renderer/M_line_q[3]
                                                       game/renderer/M_line_q_0
    SLICE_X6Y10.A2       net (fanout=3)        0.802   game/renderer/M_line_q[0]
    SLICE_X6Y10.COUT     Topcya                0.472   game/renderer/Mcount_M_line_q_cy[3]
                                                       game/renderer/Mcount_M_line_q_lut<0>_INV_0
                                                       game/renderer/Mcount_M_line_q_cy<3>
    SLICE_X6Y11.CIN      net (fanout=1)        0.003   game/renderer/Mcount_M_line_q_cy[3]
    SLICE_X6Y11.BMUX     Tcinb                 0.277   game/renderer/Mcount_M_line_q_cy[7]
                                                       game/renderer/Mcount_M_line_q_cy<7>
    SLICE_X8Y9.A2        net (fanout=1)        1.244   game/renderer/Result<5>1
    SLICE_X8Y9.A         Tilo                  0.254   game/renderer/M_pixel_q[10]_M_line_q[10]_AND_1_o2
                                                       game/renderer/M_line_q_5_dpot
    SLICE_X9Y9.B1        net (fanout=1)        0.521   game/renderer/M_line_q_5_dpot
    SLICE_X9Y9.CLK       Tas                   0.373   game/renderer/M_line_q[6]
                                                       game/renderer/M_line_q_5_rstpot
                                                       game/renderer/M_line_q_5
    -------------------------------------------------  ---------------------------
    Total                                      4.471ns (1.901ns logic, 2.570ns route)
                                                       (42.5% logic, 57.5% route)

--------------------------------------------------------------------------------
Slack:                  15.504ns (requirement - (data path - clock path skew + uncertainty))
  Source:               game/M_blink_q_0 (FF)
  Destination:          game/renderer/M_line_q_2 (FF)
  Requirement:          20.000ns
  Data Path Delay:      4.433ns (Levels of Logic = 3)
  Clock Path Skew:      -0.028ns (0.317 - 0.345)
  Source Clock:         clk_BUFGP rising at 0.000ns
  Destination Clock:    clk_BUFGP rising at 20.000ns
  Clock Uncertainty:    0.035ns

  Clock Uncertainty:          0.035ns  ((TSJ^2 + TIJ^2)^1/2 + DJ) / 2 + PE
    Total System Jitter (TSJ):  0.070ns
    Total Input Jitter (TIJ):   0.000ns
    Discrete Jitter (DJ):       0.000ns
    Phase Error (PE):           0.000ns

  Maximum Data Path at Slow Process Corner: game/M_blink_q_0 to game/renderer/M_line_q_2
    Location             Delay type         Delay(ns)  Physical Resource
                                                       Logical Resource(s)
    -------------------------------------------------  -------------------
    SLICE_X2Y7.AQ        Tcko                  0.476   game/M_blink_q[3]
                                                       game/M_blink_q_0
    SLICE_X4Y11.A1       net (fanout=4)        1.410   game/M_blink_q[0]
    SLICE_X4Y11.A        Tilo                  0.254   game/renderer/M_line_q_1_dpot
                                                       game/renderer/_n01441_SW0
    SLICE_X7Y11.A3       net (fanout=12)       0.598   game/renderer/N8
    SLICE_X7Y11.A        Tilo                  0.259   game/renderer/M_line_q[9]
                                                       game/renderer/_n0144
    SLICE_X8Y10.C1       net (fanout=11)       1.097   game/renderer/_n0144
    SLICE_X8Y10.CLK      Tas                   0.339   game/renderer/M_line_q[3]
                                                       game/renderer/M_line_q_2_rstpot
                                                       game/renderer/M_line_q_2
    -------------------------------------------------  ---------------------------
    Total                                      4.433ns (1.328ns logic, 3.105ns route)
                                                       (30.0% logic, 70.0% route)

--------------------------------------------------------------------------------
Slack:                  15.547ns (requirement - (data path - clock path skew + uncertainty))
  Source:               game/renderer/M_pixel_q_6 (FF)
  Destination:          game/renderer/M_line_q_10_1 (FF)
  Requirement:          20.000ns
  Data Path Delay:      4.418ns (Levels of Logic = 4)
  Clock Path Skew:      0.000ns
  Source Clock:         clk_BUFGP rising at 0.000ns
  Destination Clock:    clk_BUFGP rising at 20.000ns
  Clock Uncertainty:    0.035ns

  Clock Uncertainty:          0.035ns  ((TSJ^2 + TIJ^2)^1/2 + DJ) / 2 + PE
    Total System Jitter (TSJ):  0.070ns
    Total Input Jitter (TIJ):   0.000ns
    Discrete Jitter (DJ):       0.000ns
    Phase Error (PE):           0.000ns

  Maximum Data Path at Slow Process Corner: game/renderer/M_pixel_q_6 to game/renderer/M_line_q_10_1
    Location             Delay type         Delay(ns)  Physical Resource
                                                       Logical Resource(s)
    -------------------------------------------------  -------------------
    SLICE_X7Y8.AQ        Tcko                  0.430   game/renderer/M_pixel_q[8]
                                                       game/renderer/M_pixel_q_6
    SLICE_X4Y11.A3       net (fanout=11)       1.042   game/renderer/M_pixel_q[6]
    SLICE_X4Y11.A        Tilo                  0.254   game/renderer/M_line_q_1_dpot
                                                       game/renderer/_n01441_SW0
    SLICE_X7Y11.A3       net (fanout=12)       0.598   game/renderer/N8
    SLICE_X7Y11.A        Tilo                  0.259   game/renderer/M_line_q[9]
                                                       game/renderer/_n0144
    SLICE_X6Y13.A4       net (fanout=11)       0.678   game/renderer/_n0144
    SLICE_X6Y13.A        Tilo                  0.235   game/renderer/M_line_q[10]
                                                       game/renderer/M_line_q_10_rstpot
    SLICE_X6Y13.A2       net (fanout=1)        0.701   game/renderer/M_line_q_10_rstpot
    SLICE_X6Y13.CLK      Tas                   0.221   game/renderer/M_line_q[10]
                                                       game/renderer/M_line_q_10_rstpot_rt
                                                       game/renderer/M_line_q_10_1
    -------------------------------------------------  ---------------------------
    Total                                      4.418ns (1.399ns logic, 3.019ns route)
                                                       (31.7% logic, 68.3% route)

--------------------------------------------------------------------------------
Slack:                  15.552ns (requirement - (data path - clock path skew + uncertainty))
  Source:               game/renderer/M_line_q_4 (FF)
  Destination:          game/renderer/M_line_q_8 (FF)
  Requirement:          20.000ns
  Data Path Delay:      4.408ns (Levels of Logic = 4)
  Clock Path Skew:      -0.005ns (0.327 - 0.332)
  Source Clock:         clk_BUFGP rising at 0.000ns
  Destination Clock:    clk_BUFGP rising at 20.000ns
  Clock Uncertainty:    0.035ns

  Clock Uncertainty:          0.035ns  ((TSJ^2 + TIJ^2)^1/2 + DJ) / 2 + PE
    Total System Jitter (TSJ):  0.070ns
    Total Input Jitter (TIJ):   0.000ns
    Discrete Jitter (DJ):       0.000ns
    Phase Error (PE):           0.000ns

  Maximum Data Path at Slow Process Corner: game/renderer/M_line_q_4 to game/renderer/M_line_q_8
    Location             Delay type         Delay(ns)  Physical Resource
                                                       Logical Resource(s)
    -------------------------------------------------  -------------------
    SLICE_X9Y9.AQ        Tcko                  0.430   game/renderer/M_line_q[6]
                                                       game/renderer/M_line_q_4
    SLICE_X6Y11.A2       net (fanout=12)       1.052   game/renderer/M_line_q[4]
    SLICE_X6Y11.COUT     Topcya                0.472   game/renderer/Mcount_M_line_q_cy[7]
                                                       game/renderer/M_line_q[4]_rt
                                                       game/renderer/Mcount_M_line_q_cy<7>
    SLICE_X6Y12.CIN      net (fanout=1)        0.003   game/renderer/Mcount_M_line_q_cy[7]
    SLICE_X6Y12.AMUX     Tcina                 0.210   game/renderer/Sh336717
                                                       game/renderer/Mcount_M_line_q_xor<10>
    SLICE_X5Y13.A1       net (fanout=1)        0.799   game/renderer/Result<8>1
    SLICE_X5Y13.A        Tilo                  0.259   game/renderer/Sh516132
                                                       game/renderer/M_line_q_8_dpot
    SLICE_X7Y11.C3       net (fanout=1)        0.810   game/renderer/M_line_q_8_dpot
    SLICE_X7Y11.CLK      Tas                   0.373   game/renderer/M_line_q[9]
                                                       game/renderer/M_line_q_8_rstpot
                                                       game/renderer/M_line_q_8
    -------------------------------------------------  ---------------------------
    Total                                      4.408ns (1.744ns logic, 2.664ns route)
                                                       (39.6% logic, 60.4% route)

--------------------------------------------------------------------------------
Slack:                  15.559ns (requirement - (data path - clock path skew + uncertainty))
  Source:               game/renderer/M_line_q_7 (FF)
  Destination:          game/renderer/M_line_q_10_1 (FF)
  Requirement:          20.000ns
  Data Path Delay:      4.399ns (Levels of Logic = 4)
  Clock Path Skew:      -0.007ns (0.194 - 0.201)
  Source Clock:         clk_BUFGP rising at 0.000ns
  Destination Clock:    clk_BUFGP rising at 20.000ns
  Clock Uncertainty:    0.035ns

  Clock Uncertainty:          0.035ns  ((TSJ^2 + TIJ^2)^1/2 + DJ) / 2 + PE
    Total System Jitter (TSJ):  0.070ns
    Total Input Jitter (TIJ):   0.000ns
    Discrete Jitter (DJ):       0.000ns
    Phase Error (PE):           0.000ns

  Maximum Data Path at Slow Process Corner: game/renderer/M_line_q_7 to game/renderer/M_line_q_10_1
    Location             Delay type         Delay(ns)  Physical Resource
                                                       Logical Resource(s)
    -------------------------------------------------  -------------------
    SLICE_X7Y11.BQ       Tcko                  0.430   game/renderer/M_line_q[9]
                                                       game/renderer/M_line_q_7
    SLICE_X10Y10.A5      net (fanout=20)       0.829   game/renderer/M_line_q[7]
    SLICE_X10Y10.A       Tilo                  0.235   game/renderer/vsync11
                                                       game/renderer/vsync111
    SLICE_X7Y11.A4       net (fanout=2)        0.811   game/renderer/vsync11
    SLICE_X7Y11.A        Tilo                  0.259   game/renderer/M_line_q[9]
                                                       game/renderer/_n0144
    SLICE_X6Y13.A4       net (fanout=11)       0.678   game/renderer/_n0144
    SLICE_X6Y13.A        Tilo                  0.235   game/renderer/M_line_q[10]
                                                       game/renderer/M_line_q_10_rstpot
    SLICE_X6Y13.A2       net (fanout=1)        0.701   game/renderer/M_line_q_10_rstpot
    SLICE_X6Y13.CLK      Tas                   0.221   game/renderer/M_line_q[10]
                                                       game/renderer/M_line_q_10_rstpot_rt
                                                       game/renderer/M_line_q_10_1
    -------------------------------------------------  ---------------------------
    Total                                      4.399ns (1.380ns logic, 3.019ns route)
                                                       (31.4% logic, 68.6% route)

--------------------------------------------------------------------------------
Slack:                  15.572ns (requirement - (data path - clock path skew + uncertainty))
  Source:               game/renderer/M_line_q_4 (FF)
  Destination:          game/renderer/M_line_q_5 (FF)
  Requirement:          20.000ns
  Data Path Delay:      4.393ns (Levels of Logic = 3)
  Clock Path Skew:      0.000ns
  Source Clock:         clk_BUFGP rising at 0.000ns
  Destination Clock:    clk_BUFGP rising at 20.000ns
  Clock Uncertainty:    0.035ns

  Clock Uncertainty:          0.035ns  ((TSJ^2 + TIJ^2)^1/2 + DJ) / 2 + PE
    Total System Jitter (TSJ):  0.070ns
    Total Input Jitter (TIJ):   0.000ns
    Discrete Jitter (DJ):       0.000ns
    Phase Error (PE):           0.000ns

  Maximum Data Path at Slow Process Corner: game/renderer/M_line_q_4 to game/renderer/M_line_q_5
    Location             Delay type         Delay(ns)  Physical Resource
                                                       Logical Resource(s)
    -------------------------------------------------  -------------------
    SLICE_X9Y9.AQ        Tcko                  0.430   game/renderer/M_line_q[6]
                                                       game/renderer/M_line_q_4
    SLICE_X6Y11.A2       net (fanout=12)       1.052   game/renderer/M_line_q[4]
    SLICE_X6Y11.BMUX     Topab                 0.519   game/renderer/Mcount_M_line_q_cy[7]
                                                       game/renderer/M_line_q[4]_rt
                                                       game/renderer/Mcount_M_line_q_cy<7>
    SLICE_X8Y9.A2        net (fanout=1)        1.244   game/renderer/Result<5>1
    SLICE_X8Y9.A         Tilo                  0.254   game/renderer/M_pixel_q[10]_M_line_q[10]_AND_1_o2
                                                       game/renderer/M_line_q_5_dpot
    SLICE_X9Y9.B1        net (fanout=1)        0.521   game/renderer/M_line_q_5_dpot
    SLICE_X9Y9.CLK       Tas                   0.373   game/renderer/M_line_q[6]
                                                       game/renderer/M_line_q_5_rstpot
                                                       game/renderer/M_line_q_5
    -------------------------------------------------  ---------------------------
    Total                                      4.393ns (1.576ns logic, 2.817ns route)
                                                       (35.9% logic, 64.1% route)

--------------------------------------------------------------------------------
Slack:                  15.575ns (requirement - (data path - clock path skew + uncertainty))
  Source:               game/renderer/M_line_q_4 (FF)
  Destination:          game/renderer/M_line_q_4 (FF)
  Requirement:          20.000ns
  Data Path Delay:      4.390ns (Levels of Logic = 3)
  Clock Path Skew:      0.000ns
  Source Clock:         clk_BUFGP rising at 0.000ns
  Destination Clock:    clk_BUFGP rising at 20.000ns
  Clock Uncertainty:    0.035ns

  Clock Uncertainty:          0.035ns  ((TSJ^2 + TIJ^2)^1/2 + DJ) / 2 + PE
    Total System Jitter (TSJ):  0.070ns
    Total Input Jitter (TIJ):   0.000ns
    Discrete Jitter (DJ):       0.000ns
    Phase Error (PE):           0.000ns

  Maximum Data Path at Slow Process Corner: game/renderer/M_line_q_4 to game/renderer/M_line_q_4
    Location             Delay type         Delay(ns)  Physical Resource
                                                       Logical Resource(s)
    -------------------------------------------------  -------------------
    SLICE_X9Y9.AQ        Tcko                  0.430   game/renderer/M_line_q[6]
                                                       game/renderer/M_line_q_4
    SLICE_X6Y11.A2       net (fanout=12)       1.052   game/renderer/M_line_q[4]
    SLICE_X6Y11.AMUX     Topaa                 0.449   game/renderer/Mcount_M_line_q_cy[7]
                                                       game/renderer/M_line_q[4]_rt
                                                       game/renderer/Mcount_M_line_q_cy<7>
    SLICE_X9Y10.B2       net (fanout=1)        1.284   game/renderer/Result<4>1
    SLICE_X9Y10.B        Tilo                  0.259   game/renderer/M_line_q_4_dpot
                                                       game/renderer/M_line_q_4_dpot
    SLICE_X9Y9.A3        net (fanout=1)        0.543   game/renderer/M_line_q_4_dpot
    SLICE_X9Y9.CLK       Tas                   0.373   game/renderer/M_line_q[6]
                                                       game/renderer/M_line_q_4_rstpot
                                                       game/renderer/M_line_q_4
    -------------------------------------------------  ---------------------------
    Total                                      4.390ns (1.511ns logic, 2.879ns route)
                                                       (34.4% logic, 65.6% route)

--------------------------------------------------------------------------------
Slack:                  15.591ns (requirement - (data path - clock path skew + uncertainty))
  Source:               game/renderer/M_line_q_6 (FF)
  Destination:          game/renderer/M_line_q_10_1 (FF)
  Requirement:          20.000ns
  Data Path Delay:      4.373ns (Levels of Logic = 4)
  Clock Path Skew:      -0.001ns (0.331 - 0.332)
  Source Clock:         clk_BUFGP rising at 0.000ns
  Destination Clock:    clk_BUFGP rising at 20.000ns
  Clock Uncertainty:    0.035ns

  Clock Uncertainty:          0.035ns  ((TSJ^2 + TIJ^2)^1/2 + DJ) / 2 + PE
    Total System Jitter (TSJ):  0.070ns
    Total Input Jitter (TIJ):   0.000ns
    Discrete Jitter (DJ):       0.000ns
    Phase Error (PE):           0.000ns

  Maximum Data Path at Slow Process Corner: game/renderer/M_line_q_6 to game/renderer/M_line_q_10_1
    Location             Delay type         Delay(ns)  Physical Resource
                                                       Logical Resource(s)
    -------------------------------------------------  -------------------
    SLICE_X9Y9.CQ        Tcko                  0.430   game/renderer/M_line_q[6]
                                                       game/renderer/M_line_q_6
    SLICE_X10Y10.A1      net (fanout=17)       0.803   game/renderer/M_line_q[6]
    SLICE_X10Y10.A       Tilo                  0.235   game/renderer/vsync11
                                                       game/renderer/vsync111
    SLICE_X7Y11.A4       net (fanout=2)        0.811   game/renderer/vsync11
    SLICE_X7Y11.A        Tilo                  0.259   game/renderer/M_line_q[9]
                                                       game/renderer/_n0144
    SLICE_X6Y13.A4       net (fanout=11)       0.678   game/renderer/_n0144
    SLICE_X6Y13.A        Tilo                  0.235   game/renderer/M_line_q[10]
                                                       game/renderer/M_line_q_10_rstpot
    SLICE_X6Y13.A2       net (fanout=1)        0.701   game/renderer/M_line_q_10_rstpot
    SLICE_X6Y13.CLK      Tas                   0.221   game/renderer/M_line_q[10]
                                                       game/renderer/M_line_q_10_rstpot_rt
                                                       game/renderer/M_line_q_10_1
    -------------------------------------------------  ---------------------------
    Total                                      4.373ns (1.380ns logic, 2.993ns route)
                                                       (31.6% logic, 68.4% route)

--------------------------------------------------------------------------------
Slack:                  15.597ns (requirement - (data path - clock path skew + uncertainty))
  Source:               game/M_blink_q_1 (FF)
  Destination:          game/renderer/M_line_q_10_1 (FF)
  Requirement:          20.000ns
  Data Path Delay:      4.354ns (Levels of Logic = 4)
  Clock Path Skew:      -0.014ns (0.331 - 0.345)
  Source Clock:         clk_BUFGP rising at 0.000ns
  Destination Clock:    clk_BUFGP rising at 20.000ns
  Clock Uncertainty:    0.035ns

  Clock Uncertainty:          0.035ns  ((TSJ^2 + TIJ^2)^1/2 + DJ) / 2 + PE
    Total System Jitter (TSJ):  0.070ns
    Total Input Jitter (TIJ):   0.000ns
    Discrete Jitter (DJ):       0.000ns
    Phase Error (PE):           0.000ns

  Maximum Data Path at Slow Process Corner: game/M_blink_q_1 to game/renderer/M_line_q_10_1
    Location             Delay type         Delay(ns)  Physical Resource
                                                       Logical Resource(s)
    -------------------------------------------------  -------------------
    SLICE_X2Y7.BQ        Tcko                  0.476   game/M_blink_q[3]
                                                       game/M_blink_q_1
    SLICE_X4Y11.A5       net (fanout=4)        0.932   game/M_blink_q[1]
    SLICE_X4Y11.A        Tilo                  0.254   game/renderer/M_line_q_1_dpot
                                                       game/renderer/_n01441_SW0
    SLICE_X7Y11.A3       net (fanout=12)       0.598   game/renderer/N8
    SLICE_X7Y11.A        Tilo                  0.259   game/renderer/M_line_q[9]
                                                       game/renderer/_n0144
    SLICE_X6Y13.A4       net (fanout=11)       0.678   game/renderer/_n0144
    SLICE_X6Y13.A        Tilo                  0.235   game/renderer/M_line_q[10]
                                                       game/renderer/M_line_q_10_rstpot
    SLICE_X6Y13.A2       net (fanout=1)        0.701   game/renderer/M_line_q_10_rstpot
    SLICE_X6Y13.CLK      Tas                   0.221   game/renderer/M_line_q[10]
                                                       game/renderer/M_line_q_10_rstpot_rt
                                                       game/renderer/M_line_q_10_1
    -------------------------------------------------  ---------------------------
    Total                                      4.354ns (1.445ns logic, 2.909ns route)
                                                       (33.2% logic, 66.8% route)

--------------------------------------------------------------------------------
Slack:                  15.601ns (requirement - (data path - clock path skew + uncertainty))
  Source:               game/renderer/M_line_q_10_1 (FF)
  Destination:          game/renderer/M_line_q_10_1 (FF)
  Requirement:          20.000ns
  Data Path Delay:      4.364ns (Levels of Logic = 4)
  Clock Path Skew:      0.000ns
  Source Clock:         clk_BUFGP rising at 0.000ns
  Destination Clock:    clk_BUFGP rising at 20.000ns
  Clock Uncertainty:    0.035ns

  Clock Uncertainty:          0.035ns  ((TSJ^2 + TIJ^2)^1/2 + DJ) / 2 + PE
    Total System Jitter (TSJ):  0.070ns
    Total Input Jitter (TIJ):   0.000ns
    Discrete Jitter (DJ):       0.000ns
    Phase Error (PE):           0.000ns

  Maximum Data Path at Slow Process Corner: game/renderer/M_line_q_10_1 to game/renderer/M_line_q_10_1
    Location             Delay type         Delay(ns)  Physical Resource
                                                       Logical Resource(s)
    -------------------------------------------------  -------------------
    SLICE_X6Y13.AMUX     Tshcko                0.535   game/renderer/M_line_q[10]
                                                       game/renderer/M_line_q_10_1
    SLICE_X7Y12.D1       net (fanout=1)        0.739   game/renderer/M_line_q_10_1
    SLICE_X7Y12.D        Tilo                  0.259   game/renderer/N16
                                                       game/renderer/_n01441_SW1
    SLICE_X7Y11.A6       net (fanout=1)        0.737   game/renderer/N16
    SLICE_X7Y11.A        Tilo                  0.259   game/renderer/M_line_q[9]
                                                       game/renderer/_n0144
    SLICE_X6Y13.A4       net (fanout=11)       0.678   game/renderer/_n0144
    SLICE_X6Y13.A        Tilo                  0.235   game/renderer/M_line_q[10]
                                                       game/renderer/M_line_q_10_rstpot
    SLICE_X6Y13.A2       net (fanout=1)        0.701   game/renderer/M_line_q_10_rstpot
    SLICE_X6Y13.CLK      Tas                   0.221   game/renderer/M_line_q[10]
                                                       game/renderer/M_line_q_10_rstpot_rt
                                                       game/renderer/M_line_q_10_1
    -------------------------------------------------  ---------------------------
    Total                                      4.364ns (1.509ns logic, 2.855ns route)
                                                       (34.6% logic, 65.4% route)

--------------------------------------------------------------------------------
Slack:                  15.611ns (requirement - (data path - clock path skew + uncertainty))
  Source:               game/renderer/M_line_q_0 (FF)
  Destination:          game/renderer/M_line_q_8 (FF)
  Requirement:          20.000ns
  Data Path Delay:      4.347ns (Levels of Logic = 5)
  Clock Path Skew:      -0.007ns (0.327 - 0.334)
  Source Clock:         clk_BUFGP rising at 0.000ns
  Destination Clock:    clk_BUFGP rising at 20.000ns
  Clock Uncertainty:    0.035ns

  Clock Uncertainty:          0.035ns  ((TSJ^2 + TIJ^2)^1/2 + DJ) / 2 + PE
    Total System Jitter (TSJ):  0.070ns
    Total Input Jitter (TIJ):   0.000ns
    Discrete Jitter (DJ):       0.000ns
    Phase Error (PE):           0.000ns

  Maximum Data Path at Slow Process Corner: game/renderer/M_line_q_0 to game/renderer/M_line_q_8
    Location             Delay type         Delay(ns)  Physical Resource
                                                       Logical Resource(s)
    -------------------------------------------------  -------------------
    SLICE_X8Y10.AQ       Tcko                  0.525   game/renderer/M_line_q[3]
                                                       game/renderer/M_line_q_0
    SLICE_X6Y10.A2       net (fanout=3)        0.802   game/renderer/M_line_q[0]
    SLICE_X6Y10.COUT     Topcya                0.472   game/renderer/Mcount_M_line_q_cy[3]
                                                       game/renderer/Mcount_M_line_q_lut<0>_INV_0
                                                       game/renderer/Mcount_M_line_q_cy<3>
    SLICE_X6Y11.CIN      net (fanout=1)        0.003   game/renderer/Mcount_M_line_q_cy[3]
    SLICE_X6Y11.COUT     Tbyp                  0.091   game/renderer/Mcount_M_line_q_cy[7]
                                                       game/renderer/Mcount_M_line_q_cy<7>
    SLICE_X6Y12.CIN      net (fanout=1)        0.003   game/renderer/Mcount_M_line_q_cy[7]
    SLICE_X6Y12.AMUX     Tcina                 0.210   game/renderer/Sh336717
                                                       game/renderer/Mcount_M_line_q_xor<10>
    SLICE_X5Y13.A1       net (fanout=1)        0.799   game/renderer/Result<8>1
    SLICE_X5Y13.A        Tilo                  0.259   game/renderer/Sh516132
                                                       game/renderer/M_line_q_8_dpot
    SLICE_X7Y11.C3       net (fanout=1)        0.810   game/renderer/M_line_q_8_dpot
    SLICE_X7Y11.CLK      Tas                   0.373   game/renderer/M_line_q[9]
                                                       game/renderer/M_line_q_8_rstpot
                                                       game/renderer/M_line_q_8
    -------------------------------------------------  ---------------------------
    Total                                      4.347ns (1.930ns logic, 2.417ns route)
                                                       (44.4% logic, 55.6% route)

--------------------------------------------------------------------------------
Slack:                  15.615ns (requirement - (data path - clock path skew + uncertainty))
  Source:               game/renderer/M_pixel_q_7_1 (FF)
  Destination:          game/renderer/M_line_q_10_1 (FF)
  Requirement:          20.000ns
  Data Path Delay:      4.340ns (Levels of Logic = 4)
  Clock Path Skew:      -0.010ns (0.194 - 0.204)
  Source Clock:         clk_BUFGP rising at 0.000ns
  Destination Clock:    clk_BUFGP rising at 20.000ns
  Clock Uncertainty:    0.035ns

  Clock Uncertainty:          0.035ns  ((TSJ^2 + TIJ^2)^1/2 + DJ) / 2 + PE
    Total System Jitter (TSJ):  0.070ns
    Total Input Jitter (TIJ):   0.000ns
    Discrete Jitter (DJ):       0.000ns
    Phase Error (PE):           0.000ns

  Maximum Data Path at Slow Process Corner: game/renderer/M_pixel_q_7_1 to game/renderer/M_line_q_10_1
    Location             Delay type         Delay(ns)  Physical Resource
                                                       Logical Resource(s)
    -------------------------------------------------  -------------------
    SLICE_X7Y12.BMUX     Tshcko                0.518   game/renderer/N16
                                                       game/renderer/M_pixel_q_7_1
    SLICE_X7Y12.D2       net (fanout=1)        0.732   game/renderer/M_pixel_q_7_1
    SLICE_X7Y12.D        Tilo                  0.259   game/renderer/N16
                                                       game/renderer/_n01441_SW1
    SLICE_X7Y11.A6       net (fanout=1)        0.737   game/renderer/N16
    SLICE_X7Y11.A        Tilo                  0.259   game/renderer/M_line_q[9]
                                                       game/renderer/_n0144
    SLICE_X6Y13.A4       net (fanout=11)       0.678   game/renderer/_n0144
    SLICE_X6Y13.A        Tilo                  0.235   game/renderer/M_line_q[10]
                                                       game/renderer/M_line_q_10_rstpot
    SLICE_X6Y13.A2       net (fanout=1)        0.701   game/renderer/M_line_q_10_rstpot
    SLICE_X6Y13.CLK      Tas                   0.221   game/renderer/M_line_q[10]
                                                       game/renderer/M_line_q_10_rstpot_rt
                                                       game/renderer/M_line_q_10_1
    -------------------------------------------------  ---------------------------
    Total                                      4.340ns (1.492ns logic, 2.848ns route)
                                                       (34.4% logic, 65.6% route)

--------------------------------------------------------------------------------
Slack:                  15.631ns (requirement - (data path - clock path skew + uncertainty))
  Source:               game/M_blink_q_2 (FF)
  Destination:          game/renderer/M_line_q_10_1 (FF)
  Requirement:          20.000ns
  Data Path Delay:      4.320ns (Levels of Logic = 4)
  Clock Path Skew:      -0.014ns (0.331 - 0.345)
  Source Clock:         clk_BUFGP rising at 0.000ns
  Destination Clock:    clk_BUFGP rising at 20.000ns
  Clock Uncertainty:    0.035ns

  Clock Uncertainty:          0.035ns  ((TSJ^2 + TIJ^2)^1/2 + DJ) / 2 + PE
    Total System Jitter (TSJ):  0.070ns
    Total Input Jitter (TIJ):   0.000ns
    Discrete Jitter (DJ):       0.000ns
    Phase Error (PE):           0.000ns

  Maximum Data Path at Slow Process Corner: game/M_blink_q_2 to game/renderer/M_line_q_10_1
    Location             Delay type         Delay(ns)  Physical Resource
                                                       Logical Resource(s)
    -------------------------------------------------  -------------------
    SLICE_X2Y7.CQ        Tcko                  0.476   game/M_blink_q[3]
                                                       game/M_blink_q_2
    SLICE_X4Y11.A6       net (fanout=4)        0.898   game/M_blink_q[2]
    SLICE_X4Y11.A        Tilo                  0.254   game/renderer/M_line_q_1_dpot
                                                       game/renderer/_n01441_SW0
    SLICE_X7Y11.A3       net (fanout=12)       0.598   game/renderer/N8
    SLICE_X7Y11.A        Tilo                  0.259   game/renderer/M_line_q[9]
                                                       game/renderer/_n0144
    SLICE_X6Y13.A4       net (fanout=11)       0.678   game/renderer/_n0144
    SLICE_X6Y13.A        Tilo                  0.235   game/renderer/M_line_q[10]
                                                       game/renderer/M_line_q_10_rstpot
    SLICE_X6Y13.A2       net (fanout=1)        0.701   game/renderer/M_line_q_10_rstpot
    SLICE_X6Y13.CLK      Tas                   0.221   game/renderer/M_line_q[10]
                                                       game/renderer/M_line_q_10_rstpot_rt
                                                       game/renderer/M_line_q_10_1
    -------------------------------------------------  ---------------------------
    Total                                      4.320ns (1.445ns logic, 2.875ns route)
                                                       (33.4% logic, 66.6% route)

--------------------------------------------------------------------------------
Slack:                  15.637ns (requirement - (data path - clock path skew + uncertainty))
  Source:               game/M_blink_q_3 (FF)
  Destination:          game/renderer/M_line_q_10_1 (FF)
  Requirement:          20.000ns
  Data Path Delay:      4.314ns (Levels of Logic = 4)
  Clock Path Skew:      -0.014ns (0.331 - 0.345)
  Source Clock:         clk_BUFGP rising at 0.000ns
  Destination Clock:    clk_BUFGP rising at 20.000ns
  Clock Uncertainty:    0.035ns

  Clock Uncertainty:          0.035ns  ((TSJ^2 + TIJ^2)^1/2 + DJ) / 2 + PE
    Total System Jitter (TSJ):  0.070ns
    Total Input Jitter (TIJ):   0.000ns
    Discrete Jitter (DJ):       0.000ns
    Phase Error (PE):           0.000ns

  Maximum Data Path at Slow Process Corner: game/M_blink_q_3 to game/renderer/M_line_q_10_1
    Location             Delay type         Delay(ns)  Physical Resource
                                                       Logical Resource(s)
    -------------------------------------------------  -------------------
    SLICE_X2Y7.DQ        Tcko                  0.476   game/M_blink_q[3]
                                                       game/M_blink_q_3
    SLICE_X4Y11.A4       net (fanout=4)        0.892   game/M_blink_q[3]
    SLICE_X4Y11.A        Tilo                  0.254   game/renderer/M_line_q_1_dpot
                                                       game/renderer/_n01441_SW0
    SLICE_X7Y11.A3       net (fanout=12)       0.598   game/renderer/N8
    SLICE_X7Y11.A        Tilo                  0.259   game/renderer/M_line_q[9]
                                                       game/renderer/_n0144
    SLICE_X6Y13.A4       net (fanout=11)       0.678   game/renderer/_n0144
    SLICE_X6Y13.A        Tilo                  0.235   game/renderer/M_line_q[10]
                                                       game/renderer/M_line_q_10_rstpot
    SLICE_X6Y13.A2       net (fanout=1)        0.701   game/renderer/M_line_q_10_rstpot
    SLICE_X6Y13.CLK      Tas                   0.221   game/renderer/M_line_q[10]
                                                       game/renderer/M_line_q_10_rstpot_rt
                                                       game/renderer/M_line_q_10_1
    -------------------------------------------------  ---------------------------
    Total                                      4.314ns (1.445ns logic, 2.869ns route)
                                                       (33.5% logic, 66.5% route)

--------------------------------------------------------------------------------
Slack:                  15.650ns (requirement - (data path - clock path skew + uncertainty))
  Source:               game/renderer/M_pixel_q_6 (FF)
  Destination:          game/renderer/M_line_q_10_1 (FF)
  Requirement:          20.000ns
  Data Path Delay:      4.315ns (Levels of Logic = 4)
  Clock Path Skew:      0.000ns
  Source Clock:         clk_BUFGP rising at 0.000ns
  Destination Clock:    clk_BUFGP rising at 20.000ns
  Clock Uncertainty:    0.035ns

  Clock Uncertainty:          0.035ns  ((TSJ^2 + TIJ^2)^1/2 + DJ) / 2 + PE
    Total System Jitter (TSJ):  0.070ns
    Total Input Jitter (TIJ):   0.000ns
    Discrete Jitter (DJ):       0.000ns
    Phase Error (PE):           0.000ns

  Maximum Data Path at Slow Process Corner: game/renderer/M_pixel_q_6 to game/renderer/M_line_q_10_1
    Location             Delay type         Delay(ns)  Physical Resource
                                                       Logical Resource(s)
    -------------------------------------------------  -------------------
    SLICE_X7Y8.AQ        Tcko                  0.430   game/renderer/M_pixel_q[8]
                                                       game/renderer/M_pixel_q_6
    SLICE_X4Y11.A3       net (fanout=11)       1.042   game/renderer/M_pixel_q[6]
    SLICE_X4Y11.A        Tilo                  0.254   game/renderer/M_line_q_1_dpot
                                                       game/renderer/_n01441_SW0
    SLICE_X6Y13.B1       net (fanout=12)       1.001   game/renderer/N8
    SLICE_X6Y13.B        Tilo                  0.235   game/renderer/M_line_q[10]
                                                       game/renderer/M_line_q_10_dpot
    SLICE_X6Y13.A5       net (fanout=1)        0.196   game/renderer/M_line_q_10_dpot
    SLICE_X6Y13.A        Tilo                  0.235   game/renderer/M_line_q[10]
                                                       game/renderer/M_line_q_10_rstpot
    SLICE_X6Y13.A2       net (fanout=1)        0.701   game/renderer/M_line_q_10_rstpot
    SLICE_X6Y13.CLK      Tas                   0.221   game/renderer/M_line_q[10]
                                                       game/renderer/M_line_q_10_rstpot_rt
                                                       game/renderer/M_line_q_10_1
    -------------------------------------------------  ---------------------------
    Total                                      4.315ns (1.375ns logic, 2.940ns route)
                                                       (31.9% logic, 68.1% route)

--------------------------------------------------------------------------------
Slack:                  15.653ns (requirement - (data path - clock path skew + uncertainty))
  Source:               game/renderer/M_line_q_3 (FF)
  Destination:          game/renderer/M_line_q_10_1 (FF)
  Requirement:          20.000ns
  Data Path Delay:      4.309ns (Levels of Logic = 4)
  Clock Path Skew:      -0.003ns (0.331 - 0.334)
  Source Clock:         clk_BUFGP rising at 0.000ns
  Destination Clock:    clk_BUFGP rising at 20.000ns
  Clock Uncertainty:    0.035ns

  Clock Uncertainty:          0.035ns  ((TSJ^2 + TIJ^2)^1/2 + DJ) / 2 + PE
    Total System Jitter (TSJ):  0.070ns
    Total Input Jitter (TIJ):   0.000ns
    Discrete Jitter (DJ):       0.000ns
    Phase Error (PE):           0.000ns

  Maximum Data Path at Slow Process Corner: game/renderer/M_line_q_3 to game/renderer/M_line_q_10_1
    Location             Delay type         Delay(ns)  Physical Resource
                                                       Logical Resource(s)
    -------------------------------------------------  -------------------
    SLICE_X8Y10.DQ       Tcko                  0.525   game/renderer/M_line_q[3]
                                                       game/renderer/M_line_q_3
    SLICE_X7Y10.C2       net (fanout=6)        1.017   game/renderer/M_line_q[3]
    SLICE_X7Y10.C        Tilo                  0.259   game/renderer/N6
                                                       game/renderer/_n0144_SW0
    SLICE_X7Y11.A5       net (fanout=1)        0.414   game/renderer/N6
    SLICE_X7Y11.A        Tilo                  0.259   game/renderer/M_line_q[9]
                                                       game/renderer/_n0144
    SLICE_X6Y13.A4       net (fanout=11)       0.678   game/renderer/_n0144
    SLICE_X6Y13.A        Tilo                  0.235   game/renderer/M_line_q[10]
                                                       game/renderer/M_line_q_10_rstpot
    SLICE_X6Y13.A2       net (fanout=1)        0.701   game/renderer/M_line_q_10_rstpot
    SLICE_X6Y13.CLK      Tas                   0.221   game/renderer/M_line_q[10]
                                                       game/renderer/M_line_q_10_rstpot_rt
                                                       game/renderer/M_line_q_10_1
    -------------------------------------------------  ---------------------------
    Total                                      4.309ns (1.499ns logic, 2.810ns route)
                                                       (34.8% logic, 65.2% route)

--------------------------------------------------------------------------------
Slack:                  15.654ns (requirement - (data path - clock path skew + uncertainty))
  Source:               game/renderer/M_pixel_q_5 (FF)
  Destination:          game/renderer/M_line_q_10_1 (FF)
  Requirement:          20.000ns
  Data Path Delay:      4.297ns (Levels of Logic = 4)
  Clock Path Skew:      -0.014ns (0.331 - 0.345)
  Source Clock:         clk_BUFGP rising at 0.000ns
  Destination Clock:    clk_BUFGP rising at 20.000ns
  Clock Uncertainty:    0.035ns

  Clock Uncertainty:          0.035ns  ((TSJ^2 + TIJ^2)^1/2 + DJ) / 2 + PE
    Total System Jitter (TSJ):  0.070ns
    Total Input Jitter (TIJ):   0.000ns
    Discrete Jitter (DJ):       0.000ns
    Phase Error (PE):           0.000ns

  Maximum Data Path at Slow Process Corner: game/renderer/M_pixel_q_5 to game/renderer/M_line_q_10_1
    Location             Delay type         Delay(ns)  Physical Resource
                                                       Logical Resource(s)
    -------------------------------------------------  -------------------
    SLICE_X4Y11.CMUX     Tshcko                0.576   game/renderer/M_line_q_1_dpot
                                                       game/renderer/M_pixel_q_5
    SLICE_X4Y11.A2       net (fanout=7)        0.775   game/renderer/M_pixel_q[5]
    SLICE_X4Y11.A        Tilo                  0.254   game/renderer/M_line_q_1_dpot
                                                       game/renderer/_n01441_SW0
    SLICE_X7Y11.A3       net (fanout=12)       0.598   game/renderer/N8
    SLICE_X7Y11.A        Tilo                  0.259   game/renderer/M_line_q[9]
                                                       game/renderer/_n0144
    SLICE_X6Y13.A4       net (fanout=11)       0.678   game/renderer/_n0144
    SLICE_X6Y13.A        Tilo                  0.235   game/renderer/M_line_q[10]
                                                       game/renderer/M_line_q_10_rstpot
    SLICE_X6Y13.A2       net (fanout=1)        0.701   game/renderer/M_line_q_10_rstpot
    SLICE_X6Y13.CLK      Tas                   0.221   game/renderer/M_line_q[10]
                                                       game/renderer/M_line_q_10_rstpot_rt
                                                       game/renderer/M_line_q_10_1
    -------------------------------------------------  ---------------------------
    Total                                      4.297ns (1.545ns logic, 2.752ns route)
                                                       (36.0% logic, 64.0% route)

--------------------------------------------------------------------------------
Slack:                  15.664ns (requirement - (data path - clock path skew + uncertainty))
  Source:               game/renderer/M_pixel_q_9 (FF)
  Destination:          game/renderer/M_line_q_1 (FF)
  Requirement:          20.000ns
  Data Path Delay:      4.276ns (Levels of Logic = 3)
  Clock Path Skew:      -0.025ns (0.317 - 0.342)
  Source Clock:         clk_BUFGP rising at 0.000ns
  Destination Clock:    clk_BUFGP rising at 20.000ns
  Clock Uncertainty:    0.035ns

  Clock Uncertainty:          0.035ns  ((TSJ^2 + TIJ^2)^1/2 + DJ) / 2 + PE
    Total System Jitter (TSJ):  0.070ns
    Total Input Jitter (TIJ):   0.000ns
    Discrete Jitter (DJ):       0.000ns
    Phase Error (PE):           0.000ns

  Maximum Data Path at Slow Process Corner: game/renderer/M_pixel_q_9 to game/renderer/M_line_q_1
    Location             Delay type         Delay(ns)  Physical Resource
                                                       Logical Resource(s)
    -------------------------------------------------  -------------------
    SLICE_X5Y10.BQ       Tcko                  0.430   game/renderer/M_pixel_q[10]
                                                       game/renderer/M_pixel_q_9
    SLICE_X7Y8.D4        net (fanout=13)       0.818   game/renderer/M_pixel_q[9]
    SLICE_X7Y8.D         Tilo                  0.259   game/renderer/M_pixel_q[8]
                                                       game/renderer/_n01441_rstpot_SW0
    SLICE_X4Y11.D2       net (fanout=10)       1.212   game/renderer/N18
    SLICE_X4Y11.D        Tilo                  0.254   game/renderer/M_line_q_1_dpot
                                                       game/renderer/M_line_q_1_dpot
    SLICE_X8Y10.B3       net (fanout=1)        0.964   game/renderer/M_line_q_1_dpot
    SLICE_X8Y10.CLK      Tas                   0.339   game/renderer/M_line_q[3]
                                                       game/renderer/M_line_q_1_rstpot
                                                       game/renderer/M_line_q_1
    -------------------------------------------------  ---------------------------
    Total                                      4.276ns (1.282ns logic, 2.994ns route)
                                                       (30.0% logic, 70.0% route)

--------------------------------------------------------------------------------
Slack:                  15.680ns (requirement - (data path - clock path skew + uncertainty))
  Source:               game/M_blink_q_0 (FF)
  Destination:          game/renderer/M_line_q_3 (FF)
  Requirement:          20.000ns
  Data Path Delay:      4.257ns (Levels of Logic = 3)
  Clock Path Skew:      -0.028ns (0.317 - 0.345)
  Source Clock:         clk_BUFGP rising at 0.000ns
  Destination Clock:    clk_BUFGP rising at 20.000ns
  Clock Uncertainty:    0.035ns

  Clock Uncertainty:          0.035ns  ((TSJ^2 + TIJ^2)^1/2 + DJ) / 2 + PE
    Total System Jitter (TSJ):  0.070ns
    Total Input Jitter (TIJ):   0.000ns
    Discrete Jitter (DJ):       0.000ns
    Phase Error (PE):           0.000ns

  Maximum Data Path at Slow Process Corner: game/M_blink_q_0 to game/renderer/M_line_q_3
    Location             Delay type         Delay(ns)  Physical Resource
                                                       Logical Resource(s)
    -------------------------------------------------  -------------------
    SLICE_X2Y7.AQ        Tcko                  0.476   game/M_blink_q[3]
                                                       game/M_blink_q_0
    SLICE_X4Y11.A1       net (fanout=4)        1.410   game/M_blink_q[0]
    SLICE_X4Y11.A        Tilo                  0.254   game/renderer/M_line_q_1_dpot
                                                       game/renderer/_n01441_SW0
    SLICE_X9Y10.A6       net (fanout=12)       0.741   game/renderer/N8
    SLICE_X9Y10.A        Tilo                  0.259   game/renderer/M_line_q_4_dpot
                                                       game/renderer/M_line_q_3_dpot
    SLICE_X8Y10.D2       net (fanout=1)        0.778   game/renderer/M_line_q_3_dpot
    SLICE_X8Y10.CLK      Tas                   0.339   game/renderer/M_line_q[3]
                                                       game/renderer/M_line_q_3_rstpot
                                                       game/renderer/M_line_q_3
    -------------------------------------------------  ---------------------------
    Total                                      4.257ns (1.328ns logic, 2.929ns route)
                                                       (31.2% logic, 68.8% route)

--------------------------------------------------------------------------------
Slack:                  15.683ns (requirement - (data path - clock path skew + uncertainty))
  Source:               game/M_blink_q_0 (FF)
  Destination:          game/renderer/M_line_q_5 (FF)
  Requirement:          20.000ns
  Data Path Delay:      4.252ns (Levels of Logic = 3)
  Clock Path Skew:      -0.030ns (0.315 - 0.345)
  Source Clock:         clk_BUFGP rising at 0.000ns
  Destination Clock:    clk_BUFGP rising at 20.000ns
  Clock Uncertainty:    0.035ns

  Clock Uncertainty:          0.035ns  ((TSJ^2 + TIJ^2)^1/2 + DJ) / 2 + PE
    Total System Jitter (TSJ):  0.070ns
    Total Input Jitter (TIJ):   0.000ns
    Discrete Jitter (DJ):       0.000ns
    Phase Error (PE):           0.000ns

  Maximum Data Path at Slow Process Corner: game/M_blink_q_0 to game/renderer/M_line_q_5
    Location             Delay type         Delay(ns)  Physical Resource
                                                       Logical Resource(s)
    -------------------------------------------------  -------------------
    SLICE_X2Y7.AQ        Tcko                  0.476   game/M_blink_q[3]
                                                       game/M_blink_q_0
    SLICE_X4Y11.A1       net (fanout=4)        1.410   game/M_blink_q[0]
    SLICE_X4Y11.A        Tilo                  0.254   game/renderer/M_line_q_1_dpot
                                                       game/renderer/_n01441_SW0
    SLICE_X8Y9.A6        net (fanout=12)       0.964   game/renderer/N8
    SLICE_X8Y9.A         Tilo                  0.254   game/renderer/M_pixel_q[10]_M_line_q[10]_AND_1_o2
                                                       game/renderer/M_line_q_5_dpot
    SLICE_X9Y9.B1        net (fanout=1)        0.521   game/renderer/M_line_q_5_dpot
    SLICE_X9Y9.CLK       Tas                   0.373   game/renderer/M_line_q[6]
                                                       game/renderer/M_line_q_5_rstpot
                                                       game/renderer/M_line_q_5
    -------------------------------------------------  ---------------------------
    Total                                      4.252ns (1.357ns logic, 2.895ns route)
                                                       (31.9% logic, 68.1% route)

--------------------------------------------------------------------------------
Slack:                  15.683ns (requirement - (data path - clock path skew + uncertainty))
  Source:               game/M_blink_q_0 (FF)
  Destination:          game/renderer/M_line_q_3 (FF)
  Requirement:          20.000ns
  Data Path Delay:      4.254ns (Levels of Logic = 3)
  Clock Path Skew:      -0.028ns (0.317 - 0.345)
  Source Clock:         clk_BUFGP rising at 0.000ns
  Destination Clock:    clk_BUFGP rising at 20.000ns
  Clock Uncertainty:    0.035ns

  Clock Uncertainty:          0.035ns  ((TSJ^2 + TIJ^2)^1/2 + DJ) / 2 + PE
    Total System Jitter (TSJ):  0.070ns
    Total Input Jitter (TIJ):   0.000ns
    Discrete Jitter (DJ):       0.000ns
    Phase Error (PE):           0.000ns

  Maximum Data Path at Slow Process Corner: game/M_blink_q_0 to game/renderer/M_line_q_3
    Location             Delay type         Delay(ns)  Physical Resource
                                                       Logical Resource(s)
    -------------------------------------------------  -------------------
    SLICE_X2Y7.AQ        Tcko                  0.476   game/M_blink_q[3]
                                                       game/M_blink_q_0
    SLICE_X4Y11.A1       net (fanout=4)        1.410   game/M_blink_q[0]
    SLICE_X4Y11.A        Tilo                  0.254   game/renderer/M_line_q_1_dpot
                                                       game/renderer/_n01441_SW0
    SLICE_X7Y11.A3       net (fanout=12)       0.598   game/renderer/N8
    SLICE_X7Y11.A        Tilo                  0.259   game/renderer/M_line_q[9]
                                                       game/renderer/_n0144
    SLICE_X8Y10.D3       net (fanout=11)       0.918   game/renderer/_n0144
    SLICE_X8Y10.CLK      Tas                   0.339   game/renderer/M_line_q[3]
                                                       game/renderer/M_line_q_3_rstpot
                                                       game/renderer/M_line_q_3
    -------------------------------------------------  ---------------------------
    Total                                      4.254ns (1.328ns logic, 2.926ns route)
                                                       (31.2% logic, 68.8% route)

--------------------------------------------------------------------------------
Slack:                  15.686ns (requirement - (data path - clock path skew + uncertainty))
  Source:               game/renderer/M_line_q_6 (FF)
  Destination:          game/renderer/M_line_q_8 (FF)
  Requirement:          20.000ns
  Data Path Delay:      4.274ns (Levels of Logic = 4)
  Clock Path Skew:      -0.005ns (0.327 - 0.332)
  Source Clock:         clk_BUFGP rising at 0.000ns
  Destination Clock:    clk_BUFGP rising at 20.000ns
  Clock Uncertainty:    0.035ns

  Clock Uncertainty:          0.035ns  ((TSJ^2 + TIJ^2)^1/2 + DJ) / 2 + PE
    Total System Jitter (TSJ):  0.070ns
    Total Input Jitter (TIJ):   0.000ns
    Discrete Jitter (DJ):       0.000ns
    Phase Error (PE):           0.000ns

  Maximum Data Path at Slow Process Corner: game/renderer/M_line_q_6 to game/renderer/M_line_q_8
    Location             Delay type         Delay(ns)  Physical Resource
                                                       Logical Resource(s)
    -------------------------------------------------  -------------------
    SLICE_X9Y9.CQ        Tcko                  0.430   game/renderer/M_line_q[6]
                                                       game/renderer/M_line_q_6
    SLICE_X6Y11.C2       net (fanout=17)       1.065   game/renderer/M_line_q[6]
    SLICE_X6Y11.COUT     Topcyc                0.325   game/renderer/Mcount_M_line_q_cy[7]
                                                       game/renderer/M_line_q[6]_rt
                                                       game/renderer/Mcount_M_line_q_cy<7>
    SLICE_X6Y12.CIN      net (fanout=1)        0.003   game/renderer/Mcount_M_line_q_cy[7]
    SLICE_X6Y12.AMUX     Tcina                 0.210   game/renderer/Sh336717
                                                       game/renderer/Mcount_M_line_q_xor<10>
    SLICE_X5Y13.A1       net (fanout=1)        0.799   game/renderer/Result<8>1
    SLICE_X5Y13.A        Tilo                  0.259   game/renderer/Sh516132
                                                       game/renderer/M_line_q_8_dpot
    SLICE_X7Y11.C3       net (fanout=1)        0.810   game/renderer/M_line_q_8_dpot
    SLICE_X7Y11.CLK      Tas                   0.373   game/renderer/M_line_q[9]
                                                       game/renderer/M_line_q_8_rstpot
                                                       game/renderer/M_line_q_8
    -------------------------------------------------  ---------------------------
    Total                                      4.274ns (1.597ns logic, 2.677ns route)
                                                       (37.4% logic, 62.6% route)

--------------------------------------------------------------------------------
Slack:                  15.686ns (requirement - (data path - clock path skew + uncertainty))
  Source:               game/M_blink_q_0 (FF)
  Destination:          game/renderer/M_line_q_6 (FF)
  Requirement:          20.000ns
  Data Path Delay:      4.249ns (Levels of Logic = 3)
  Clock Path Skew:      -0.030ns (0.315 - 0.345)
  Source Clock:         clk_BUFGP rising at 0.000ns
  Destination Clock:    clk_BUFGP rising at 20.000ns
  Clock Uncertainty:    0.035ns

  Clock Uncertainty:          0.035ns  ((TSJ^2 + TIJ^2)^1/2 + DJ) / 2 + PE
    Total System Jitter (TSJ):  0.070ns
    Total Input Jitter (TIJ):   0.000ns
    Discrete Jitter (DJ):       0.000ns
    Phase Error (PE):           0.000ns

  Maximum Data Path at Slow Process Corner: game/M_blink_q_0 to game/renderer/M_line_q_6
    Location             Delay type         Delay(ns)  Physical Resource
                                                       Logical Resource(s)
    -------------------------------------------------  -------------------
    SLICE_X2Y7.AQ        Tcko                  0.476   game/M_blink_q[3]
                                                       game/M_blink_q_0
    SLICE_X4Y11.A1       net (fanout=4)        1.410   game/M_blink_q[0]
    SLICE_X4Y11.A        Tilo                  0.254   game/renderer/M_line_q_1_dpot
                                                       game/renderer/_n01441_SW0
    SLICE_X7Y11.A3       net (fanout=12)       0.598   game/renderer/N8
    SLICE_X7Y11.A        Tilo                  0.259   game/renderer/M_line_q[9]
                                                       game/renderer/_n0144
    SLICE_X9Y9.C4        net (fanout=11)       0.879   game/renderer/_n0144
    SLICE_X9Y9.CLK       Tas                   0.373   game/renderer/M_line_q[6]
                                                       game/renderer/M_line_q_6_rstpot
                                                       game/renderer/M_line_q_6
    -------------------------------------------------  ---------------------------
    Total                                      4.249ns (1.362ns logic, 2.887ns route)
                                                       (32.1% logic, 67.9% route)

--------------------------------------------------------------------------------
Slack:                  15.691ns (requirement - (data path - clock path skew + uncertainty))
  Source:               game/renderer/M_line_q_1 (FF)
  Destination:          game/renderer/M_line_q_4 (FF)
  Requirement:          20.000ns
  Data Path Delay:      4.261ns (Levels of Logic = 4)
  Clock Path Skew:      -0.013ns (0.186 - 0.199)
  Source Clock:         clk_BUFGP rising at 0.000ns
  Destination Clock:    clk_BUFGP rising at 20.000ns
  Clock Uncertainty:    0.035ns

  Clock Uncertainty:          0.035ns  ((TSJ^2 + TIJ^2)^1/2 + DJ) / 2 + PE
    Total System Jitter (TSJ):  0.070ns
    Total Input Jitter (TIJ):   0.000ns
    Discrete Jitter (DJ):       0.000ns
    Phase Error (PE):           0.000ns

  Maximum Data Path at Slow Process Corner: game/renderer/M_line_q_1 to game/renderer/M_line_q_4
    Location             Delay type         Delay(ns)  Physical Resource
                                                       Logical Resource(s)
    -------------------------------------------------  -------------------
    SLICE_X8Y10.BQ       Tcko                  0.525   game/renderer/M_line_q[3]
                                                       game/renderer/M_line_q_1
    SLICE_X6Y10.B4       net (fanout=4)        0.616   game/renderer/M_line_q[1]
    SLICE_X6Y10.COUT     Topcyb                0.448   game/renderer/Mcount_M_line_q_cy[3]
                                                       game/renderer/M_line_q[1]_rt
                                                       game/renderer/Mcount_M_line_q_cy<3>
    SLICE_X6Y11.CIN      net (fanout=1)        0.003   game/renderer/Mcount_M_line_q_cy[3]
    SLICE_X6Y11.AMUX     Tcina                 0.210   game/renderer/Mcount_M_line_q_cy[7]
                                                       game/renderer/Mcount_M_line_q_cy<7>
    SLICE_X9Y10.B2       net (fanout=1)        1.284   game/renderer/Result<4>1
    SLICE_X9Y10.B        Tilo                  0.259   game/renderer/M_line_q_4_dpot
                                                       game/renderer/M_line_q_4_dpot
    SLICE_X9Y9.A3        net (fanout=1)        0.543   game/renderer/M_line_q_4_dpot
    SLICE_X9Y9.CLK       Tas                   0.373   game/renderer/M_line_q[6]
                                                       game/renderer/M_line_q_4_rstpot
                                                       game/renderer/M_line_q_4
    -------------------------------------------------  ---------------------------
    Total                                      4.261ns (1.815ns logic, 2.446ns route)
                                                       (42.6% logic, 57.4% route)

--------------------------------------------------------------------------------
Slack:                  15.691ns (requirement - (data path - clock path skew + uncertainty))
  Source:               game/renderer/M_line_q_1 (FF)
  Destination:          game/renderer/M_line_q_5 (FF)
  Requirement:          20.000ns
  Data Path Delay:      4.261ns (Levels of Logic = 4)
  Clock Path Skew:      -0.013ns (0.186 - 0.199)
  Source Clock:         clk_BUFGP rising at 0.000ns
  Destination Clock:    clk_BUFGP rising at 20.000ns
  Clock Uncertainty:    0.035ns

  Clock Uncertainty:          0.035ns  ((TSJ^2 + TIJ^2)^1/2 + DJ) / 2 + PE
    Total System Jitter (TSJ):  0.070ns
    Total Input Jitter (TIJ):   0.000ns
    Discrete Jitter (DJ):       0.000ns
    Phase Error (PE):           0.000ns

  Maximum Data Path at Slow Process Corner: game/renderer/M_line_q_1 to game/renderer/M_line_q_5
    Location             Delay type         Delay(ns)  Physical Resource
                                                       Logical Resource(s)
    -------------------------------------------------  -------------------
    SLICE_X8Y10.BQ       Tcko                  0.525   game/renderer/M_line_q[3]
                                                       game/renderer/M_line_q_1
    SLICE_X6Y10.B4       net (fanout=4)        0.616   game/renderer/M_line_q[1]
    SLICE_X6Y10.COUT     Topcyb                0.448   game/renderer/Mcount_M_line_q_cy[3]
                                                       game/renderer/M_line_q[1]_rt
                                                       game/renderer/Mcount_M_line_q_cy<3>
    SLICE_X6Y11.CIN      net (fanout=1)        0.003   game/renderer/Mcount_M_line_q_cy[3]
    SLICE_X6Y11.BMUX     Tcinb                 0.277   game/renderer/Mcount_M_line_q_cy[7]
                                                       game/renderer/Mcount_M_line_q_cy<7>
    SLICE_X8Y9.A2        net (fanout=1)        1.244   game/renderer/Result<5>1
    SLICE_X8Y9.A         Tilo                  0.254   game/renderer/M_pixel_q[10]_M_line_q[10]_AND_1_o2
                                                       game/renderer/M_line_q_5_dpot
    SLICE_X9Y9.B1        net (fanout=1)        0.521   game/renderer/M_line_q_5_dpot
    SLICE_X9Y9.CLK       Tas                   0.373   game/renderer/M_line_q[6]
                                                       game/renderer/M_line_q_5_rstpot
                                                       game/renderer/M_line_q_5
    -------------------------------------------------  ---------------------------
    Total                                      4.261ns (1.877ns logic, 2.384ns route)
                                                       (44.1% logic, 55.9% route)

--------------------------------------------------------------------------------

Component Switching Limit Checks: TS_clk = PERIOD TIMEGRP "clk" 50 MHz HIGH 50%;
--------------------------------------------------------------------------------
Slack: 17.334ns (period - min period limit)
  Period: 20.000ns
  Min period limit: 2.666ns (375.094MHz) (Tbcper_I)
  Physical resource: clk_BUFGP/BUFG/I0
  Logical resource: clk_BUFGP/BUFG/I0
  Location pin: BUFGMUX_X2Y11.I0
  Clock network: clk_BUFGP/IBUFG
--------------------------------------------------------------------------------
Slack: 19.520ns (period - min period limit)
  Period: 20.000ns
  Min period limit: 0.480ns (2083.333MHz) (Tcp)
  Physical resource: game/M_placed_q[173]/CLK
  Logical resource: game/M_placed_q_170/CK
  Location pin: SLICE_X0Y11.CLK
  Clock network: clk_BUFGP
--------------------------------------------------------------------------------
Slack: 19.520ns (period - min period limit)
  Period: 20.000ns
  Min period limit: 0.480ns (2083.333MHz) (Tcp)
  Physical resource: game/M_placed_q[173]/CLK
  Logical resource: game/M_placed_q_171/CK
  Location pin: SLICE_X0Y11.CLK
  Clock network: clk_BUFGP
--------------------------------------------------------------------------------
Slack: 19.520ns (period - min period limit)
  Period: 20.000ns
  Min period limit: 0.480ns (2083.333MHz) (Tcp)
  Physical resource: game/M_placed_q[173]/CLK
  Logical resource: game/M_placed_q_172/CK
  Location pin: SLICE_X0Y11.CLK
  Clock network: clk_BUFGP
--------------------------------------------------------------------------------
Slack: 19.520ns (period - min period limit)
  Period: 20.000ns
  Min period limit: 0.480ns (2083.333MHz) (Tcp)
  Physical resource: game/M_placed_q[173]/CLK
  Logical resource: game/M_placed_q_173/CK
  Location pin: SLICE_X0Y11.CLK
  Clock network: clk_BUFGP
--------------------------------------------------------------------------------
Slack: 19.520ns (period - min period limit)
  Period: 20.000ns
  Min period limit: 0.480ns (2083.333MHz) (Tcp)
  Physical resource: game/M_placed_q[169]/CLK
  Logical resource: game/M_placed_q_166/CK
  Location pin: SLICE_X0Y12.CLK
  Clock network: clk_BUFGP
--------------------------------------------------------------------------------
Slack: 19.520ns (period - min period limit)
  Period: 20.000ns
  Min period limit: 0.480ns (2083.333MHz) (Tcp)
  Physical resource: game/M_placed_q[169]/CLK
  Logical resource: game/M_placed_q_167/CK
  Location pin: SLICE_X0Y12.CLK
  Clock network: clk_BUFGP
--------------------------------------------------------------------------------
Slack: 19.520ns (period - min period limit)
  Period: 20.000ns
  Min period limit: 0.480ns (2083.333MHz) (Tcp)
  Physical resource: game/M_placed_q[169]/CLK
  Logical resource: game/M_placed_q_168/CK
  Location pin: SLICE_X0Y12.CLK
  Clock network: clk_BUFGP
--------------------------------------------------------------------------------
Slack: 19.520ns (period - min period limit)
  Period: 20.000ns
  Min period limit: 0.480ns (2083.333MHz) (Tcp)
  Physical resource: game/M_placed_q[169]/CLK
  Logical resource: game/M_placed_q_169/CK
  Location pin: SLICE_X0Y12.CLK
  Clock network: clk_BUFGP
--------------------------------------------------------------------------------
Slack: 19.520ns (period - min period limit)
  Period: 20.000ns
  Min period limit: 0.480ns (2083.333MHz) (Tcp)
  Physical resource: game/M_placed_q[129]/CLK
  Logical resource: game/M_placed_q_126/CK
  Location pin: SLICE_X0Y13.CLK
  Clock network: clk_BUFGP
--------------------------------------------------------------------------------
Slack: 19.520ns (period - min period limit)
  Period: 20.000ns
  Min period limit: 0.480ns (2083.333MHz) (Tcp)
  Physical resource: game/M_placed_q[129]/CLK
  Logical resource: game/M_placed_q_127/CK
  Location pin: SLICE_X0Y13.CLK
  Clock network: clk_BUFGP
--------------------------------------------------------------------------------
Slack: 19.520ns (period - min period limit)
  Period: 20.000ns
  Min period limit: 0.480ns (2083.333MHz) (Tcp)
  Physical resource: game/M_placed_q[129]/CLK
  Logical resource: game/M_placed_q_128/CK
  Location pin: SLICE_X0Y13.CLK
  Clock network: clk_BUFGP
--------------------------------------------------------------------------------
Slack: 19.520ns (period - min period limit)
  Period: 20.000ns
  Min period limit: 0.480ns (2083.333MHz) (Tcp)
  Physical resource: game/M_placed_q[129]/CLK
  Logical resource: game/M_placed_q_129/CK
  Location pin: SLICE_X0Y13.CLK
  Clock network: clk_BUFGP
--------------------------------------------------------------------------------
Slack: 19.520ns (period - min period limit)
  Period: 20.000ns
  Min period limit: 0.480ns (2083.333MHz) (Tcp)
  Physical resource: game/M_placed_q[133]/CLK
  Logical resource: game/M_placed_q_130/CK
  Location pin: SLICE_X0Y14.CLK
  Clock network: clk_BUFGP
--------------------------------------------------------------------------------
Slack: 19.520ns (period - min period limit)
  Period: 20.000ns
  Min period limit: 0.480ns (2083.333MHz) (Tcp)
  Physical resource: game/M_placed_q[133]/CLK
  Logical resource: game/M_placed_q_131/CK
  Location pin: SLICE_X0Y14.CLK
  Clock network: clk_BUFGP
--------------------------------------------------------------------------------
Slack: 19.520ns (period - min period limit)
  Period: 20.000ns
  Min period limit: 0.480ns (2083.333MHz) (Tcp)
  Physical resource: game/M_placed_q[133]/CLK
  Logical resource: game/M_placed_q_132/CK
  Location pin: SLICE_X0Y14.CLK
  Clock network: clk_BUFGP
--------------------------------------------------------------------------------
Slack: 19.520ns (period - min period limit)
  Period: 20.000ns
  Min period limit: 0.480ns (2083.333MHz) (Tcp)
  Physical resource: game/M_placed_q[133]/CLK
  Logical resource: game/M_placed_q_133/CK
  Location pin: SLICE_X0Y14.CLK
  Clock network: clk_BUFGP
--------------------------------------------------------------------------------
Slack: 19.520ns (period - min period limit)
  Period: 20.000ns
  Min period limit: 0.480ns (2083.333MHz) (Tcp)
  Physical resource: game/M_placed_q[177]/CLK
  Logical resource: game/M_placed_q_174/CK
  Location pin: SLICE_X0Y15.CLK
  Clock network: clk_BUFGP
--------------------------------------------------------------------------------
Slack: 19.520ns (period - min period limit)
  Period: 20.000ns
  Min period limit: 0.480ns (2083.333MHz) (Tcp)
  Physical resource: game/M_placed_q[177]/CLK
  Logical resource: game/M_placed_q_175/CK
  Location pin: SLICE_X0Y15.CLK
  Clock network: clk_BUFGP
--------------------------------------------------------------------------------
Slack: 19.520ns (period - min period limit)
  Period: 20.000ns
  Min period limit: 0.480ns (2083.333MHz) (Tcp)
  Physical resource: game/M_placed_q[177]/CLK
  Logical resource: game/M_placed_q_176/CK
  Location pin: SLICE_X0Y15.CLK
  Clock network: clk_BUFGP
--------------------------------------------------------------------------------
Slack: 19.520ns (period - min period limit)
  Period: 20.000ns
  Min period limit: 0.480ns (2083.333MHz) (Tcp)
  Physical resource: game/M_placed_q[177]/CLK
  Logical resource: game/M_placed_q_177/CK
  Location pin: SLICE_X0Y15.CLK
  Clock network: clk_BUFGP
--------------------------------------------------------------------------------
Slack: 19.520ns (period - min period limit)
  Period: 20.000ns
  Min period limit: 0.480ns (2083.333MHz) (Tcp)
  Physical resource: game/M_placed_q[157]/CLK
  Logical resource: game/M_placed_q_154/CK
  Location pin: SLICE_X0Y20.CLK
  Clock network: clk_BUFGP
--------------------------------------------------------------------------------
Slack: 19.520ns (period - min period limit)
  Period: 20.000ns
  Min period limit: 0.480ns (2083.333MHz) (Tcp)
  Physical resource: game/M_placed_q[157]/CLK
  Logical resource: game/M_placed_q_155/CK
  Location pin: SLICE_X0Y20.CLK
  Clock network: clk_BUFGP
--------------------------------------------------------------------------------
Slack: 19.520ns (period - min period limit)
  Period: 20.000ns
  Min period limit: 0.480ns (2083.333MHz) (Tcp)
  Physical resource: game/M_placed_q[157]/CLK
  Logical resource: game/M_placed_q_156/CK
  Location pin: SLICE_X0Y20.CLK
  Clock network: clk_BUFGP
--------------------------------------------------------------------------------
Slack: 19.520ns (period - min period limit)
  Period: 20.000ns
  Min period limit: 0.480ns (2083.333MHz) (Tcp)
  Physical resource: game/M_placed_q[157]/CLK
  Logical resource: game/M_placed_q_157/CK
  Location pin: SLICE_X0Y20.CLK
  Clock network: clk_BUFGP
--------------------------------------------------------------------------------
Slack: 19.520ns (period - min period limit)
  Period: 20.000ns
  Min period limit: 0.480ns (2083.333MHz) (Tcp)
  Physical resource: game/M_placed_q[78]/CLK
  Logical resource: game/M_placed_q_75/CK
  Location pin: SLICE_X0Y22.CLK
  Clock network: clk_BUFGP
--------------------------------------------------------------------------------
Slack: 19.520ns (period - min period limit)
  Period: 20.000ns
  Min period limit: 0.480ns (2083.333MHz) (Tcp)
  Physical resource: game/M_placed_q[78]/CLK
  Logical resource: game/M_placed_q_76/CK
  Location pin: SLICE_X0Y22.CLK
  Clock network: clk_BUFGP
--------------------------------------------------------------------------------
Slack: 19.520ns (period - min period limit)
  Period: 20.000ns
  Min period limit: 0.480ns (2083.333MHz) (Tcp)
  Physical resource: game/M_placed_q[78]/CLK
  Logical resource: game/M_placed_q_77/CK
  Location pin: SLICE_X0Y22.CLK
  Clock network: clk_BUFGP
--------------------------------------------------------------------------------
Slack: 19.520ns (period - min period limit)
  Period: 20.000ns
  Min period limit: 0.480ns (2083.333MHz) (Tcp)
  Physical resource: game/M_placed_q[78]/CLK
  Logical resource: game/M_placed_q_78/CK
  Location pin: SLICE_X0Y22.CLK
  Clock network: clk_BUFGP
--------------------------------------------------------------------------------
Slack: 19.520ns (period - min period limit)
  Period: 20.000ns
  Min period limit: 0.480ns (2083.333MHz) (Tcp)
  Physical resource: game/M_placed_q[165]/CLK
  Logical resource: game/M_placed_q_162/CK
  Location pin: SLICE_X0Y23.CLK
  Clock network: clk_BUFGP
--------------------------------------------------------------------------------


All constraints were met.


Data Sheet report:
-----------------
All values displayed in nanoseconds (ns)

Clock to Setup on destination clock clk
---------------+---------+---------+---------+---------+
               | Src:Rise| Src:Fall| Src:Rise| Src:Fall|
Source Clock   |Dest:Rise|Dest:Rise|Dest:Fall|Dest:Fall|
---------------+---------+---------+---------+---------+
clk            |    4.881|         |         |         |
---------------+---------+---------+---------+---------+


Timing summary:
---------------

Timing errors: 0  Score: 0  (Setup/Max: 0, Hold: 0)

Constraints cover 1538 paths, 0 nets, and 750 connections

Design statistics:
   Minimum period:   4.881ns{1}   (Maximum frequency: 204.876MHz)


------------------------------------Footnotes-----------------------------------
1)  The minimum period statistic assumes all single cycle delays.

Analysis completed Thu Dec 07 11:37:13 2017 
--------------------------------------------------------------------------------

Trace Settings:
-------------------------
Trace Settings 

Peak Memory Usage: 176 MB



